<?xml version="1.0" encoding="UTF-8" ?>
<testsuite errors="0" failures="0" hostname="DESKTOP-H9T0FFM" name="com.aritra.sample.test.AdderTest" skipped="0" tests="2" time="0.062" timestamp="2018-01-28T16:52:21">
  <properties>
[...]
</properties>
  <testcase classname="com.aritra.sample.test.AdderTest" name="additionOfTwoIntegers" time="0.0" />
  <testcase classname="com.aritra.sample.test.AdderTest" name="additionOfTwoStrings" time="0.0" />
  <system-out><![CDATA[]]></system-out>
  <system-err><![CDATA[]]></system-err>
</testsuite>
