<?xml version="1.0" encoding="UTF-8" ?>
<testsuites>
  <testsuite errors="0" failures="0" hostname="CHAAR09-7520" id="0" name="AdderTest" package="com.aritra.sample.test" skipped="0" tests="2" time="0.028" timestamp="2018-02-01T03:50:22">
      <properties>
[...]
</properties>

      <testcase classname="com.aritra.sample.test.AdderTest" name="additionOfTwoIntegers" time="0.002" />

      <testcase classname="com.aritra.sample.test.AdderTest" name="additionOfTwoStrings" time="0.0" />

      <system-out><![CDATA[]]></system-out>

      <system-err><![CDATA[]]></system-err>

  </testsuite>
</testsuites>
