<?xml version="1.0" encoding="UTF-8" ?>
<testsuites>
  <testsuite errors="0" failures="0" hostname="DESKTOP-H9T0FFM" id="0" name="UtilsTest" package="mypackage.utils.test" skipped="0" tests="2" time="0.06" timestamp="2018-02-04T18:29:19">
      <properties>
[...]
</properties>

      <testcase classname="mypackage.utils.test.UtilsTest" name="testLineLength" time="0.006" />

      <testcase classname="mypackage.utils.test.UtilsTest" name="testAdditionOfTwoIntegers" time="0.0" />

      <system-out><![CDATA[]]></system-out>

      <system-err><![CDATA[]]></system-err>

  </testsuite>
</testsuites>
